
*** Running vivado
    with args -log Packet_FSM_Decoder.vds -m64 -product Vivado -mode batch -messageDb vivado.pb -notrace -source Packet_FSM_Decoder.tcl


ECHO is off.
ECHO is off.

****** Vivado v2023.2 (64-bit)
  **** SW Build 4029153 on Fri Oct 13 20:14:34 MDT 2023
  **** IP Build 4028589 on Sat Oct 14 00:45:43 MDT 2023
  **** SharedData Build 4025554 on Tue Oct 10 17:18:54 MDT 2023
    ** Copyright 1986-2022 Xilinx, Inc. All Rights Reserved.
    ** Copyright 2022-2023 Advanced Micro Devices, Inc. All Rights Reserved.

source Packet_FSM_Decoder.tcl -notrace

*** Running vivado
    with args -log Packet_FSM_Decoder.vds -m64 -product Vivado -mode batch -messageDb vivado.pb -notrace -source Packet_FSM_Decoder.tcl


ECHO is off.
ECHO is off.

****** Vivado v2023.2 (64-bit)
  **** SW Build 4029153 on Fri Oct 13 20:14:34 MDT 2023
  **** IP Build 4028589 on Sat Oct 14 00:45:43 MDT 2023
  **** SharedData Build 4025554 on Tue Oct 10 17:18:54 MDT 2023
    ** Copyright 1986-2022 Xilinx, Inc. All Rights Reserved.
    ** Copyright 2022-2023 Advanced Micro Devices, Inc. All Rights Reserved.

source Packet_FSM_Decoder.tcl -notrace
create_project: Time (s): cpu = 00:00:13 ; elapsed = 00:00:14 . Memory (MB): peak = 484.520 ; gain = 179.340
Command: read_checkpoint -auto_incremental -incremental C:/LIDIA/Poli/anul3/scs/proiect_scs/proiect_scs.srcs/utils_1/imports/synth_1/uart_test_top.dcp
INFO: [Vivado 12-5825] Read reference checkpoint from C:/LIDIA/Poli/anul3/scs/proiect_scs/proiect_scs.srcs/utils_1/imports/synth_1/uart_test_top.dcp for incremental synthesis
INFO: [Vivado 12-7989] Please ensure there are no constraint changes
Command: synth_design -top Packet_FSM_Decoder -part xc7a35tcpg236-1
Starting synth_design
Attempting to get a license for feature 'Synthesis' and/or device 'xc7a35t'
INFO: [Common 17-349] Got license for feature 'Synthesis' and/or device 'xc7a35t'
INFO: [Device 21-403] Loading part xc7a35tcpg236-1
INFO: [Synth 8-7079] Multithreading enabled for synth_design using a maximum of 2 processes.
INFO: [Synth 8-7078] Launching helper process for spawning children vivado processes
INFO: [Synth 8-7075] Helper process launched with PID 10480
---------------------------------------------------------------------------------
Starting RTL Elaboration : Time (s): cpu = 00:00:10 ; elapsed = 00:00:10 . Memory (MB): peak = 1318.223 ; gain = 438.527
---------------------------------------------------------------------------------
INFO: [Synth 8-638] synthesizing module 'Packet_FSM_Decoder' [C:/LIDIA/Poli/anul3/scs/proiect_scs/proiect_scs.srcs/sources_1/new/fsm_decoder.vhd:32]
ERROR: [Synth 8-690] width mismatch in assignment; target has 14 bits, source has 28 bits [C:/LIDIA/Poli/anul3/scs/proiect_scs/proiect_scs.srcs/sources_1/new/fsm_decoder.vhd:148]
ERROR: [Synth 8-285] failed synthesizing module 'Packet_FSM_Decoder' [C:/LIDIA/Poli/anul3/scs/proiect_scs/proiect_scs.srcs/sources_1/new/fsm_decoder.vhd:32]
---------------------------------------------------------------------------------
Finished RTL Elaboration : Time (s): cpu = 00:00:12 ; elapsed = 00:00:13 . Memory (MB): peak = 1424.359 ; gain = 544.664
---------------------------------------------------------------------------------
RTL Elaboration failed
INFO: [Common 17-83] Releasing license: Synthesis
9 Infos, 0 Warnings, 0 Critical Warnings and 3 Errors encountered.
synth_design failed
ERROR: [Common 17-69] Command failed: Synthesis failed - please see the console or run log file for details
INFO: [Common 17-206] Exiting Vivado at Tue Nov 18 10:25:37 2025...
